[18-05-2024 16:18:56] El programa ha iniciado
[18-05-2024 16:18:56] Se ha mostrado la primera pantalla
[18-05-2024 16:18:58] El usuario quiere iniciar sesion
[18-05-2024 16:19:03] No se ha podido iniciar sesión
[18-05-2024 16:19:07] El programa ha iniciado
[18-05-2024 16:19:07] Se ha mostrado la primera pantalla
[18-05-2024 16:19:10] El programa se va a cerrar
[23-05-2024 12:12:58] Se ha mostrado la pantalla de inicio
[23-05-2024 12:13:20] El usuario quiere registrarse
[23-05-2024 12:13:25] Usuario registrado
[23-05-2024 12:13:26] Se ha mostrado la pantalla de inicio
[23-05-2024 12:13:27] El usuario quiere iniciar sesion
[23-05-2024 12:13:28] Sesion iniciada
[23-05-2024 12:13:28] Pantalla principal mostrada
[23-05-2024 12:13:29] Se muestra la pantalla de idioma
[23-05-2024 12:13:30] Idioma internacional seleccionado
[23-05-2024 12:13:30] Se ha ordenado enviar la palabra a los leds
[23-05-2024 12:13:51] Se va a crear el socket de comunicacion
[23-05-2024 12:13:51] El usuario ha empezado a jugar
[23-05-2024 12:13:51] Pantalla principal mostrada
[23-05-2024 12:16:11] Se ha mostrado la pantalla de inicio
[23-05-2024 12:16:12] El usuario quiere iniciar sesion
[23-05-2024 12:16:14] Sesion iniciada
[23-05-2024 12:16:14] Pantalla principal mostrada
[23-05-2024 12:16:15] Se muestra la pantalla de idioma
[23-05-2024 12:16:15] Idioma internacional seleccionado
[23-05-2024 12:16:15] Se ha ordenado enviar la palabra a los leds
[23-05-2024 15:34:42] Se ha mostrado la pantalla de inicio
[23-05-2024 15:34:43] El usuario quiere iniciar sesion
[23-05-2024 15:34:45] Sesion iniciada
[23-05-2024 15:34:45] Pantalla principal mostrada
[23-05-2024 15:34:46] Se muestra la pantalla de idioma
[23-05-2024 15:34:47] Idioma internacional seleccionado
[23-05-2024 15:34:47] Se ha ordenado enviar la palabra a los leds
[23-05-2024 15:34:47] Se va a crear el socket de comunicacion
[23-05-2024 15:34:47] El usuario ha empezado a jugar
[23-05-2024 15:34:55] Se ha ordenado enviar la palabra a los leds
[23-05-2024 15:34:55] Se va a crear el socket de comunicacion
[23-05-2024 15:34:55] El usuario ha empezado a jugar
[23-05-2024 15:35:16] Se ha mostrado la pantalla de inicio
[23-05-2024 15:35:17] El usuario quiere iniciar sesion
[23-05-2024 15:35:17] Sesion iniciada
[23-05-2024 15:35:17] Pantalla principal mostrada
[23-05-2024 15:35:18] Se muestra la pantalla de idioma
[23-05-2024 15:35:19] Idioma internacional seleccionado
[23-05-2024 15:35:19] Se ha ordenado enviar la palabra a los leds
[23-05-2024 15:35:19] Se va a crear el socket de comunicacion
[23-05-2024 15:35:19] El usuario ha empezado a jugar
[23-05-2024 15:58:33] Se ha mostrado la pantalla de inicio
[23-05-2024 15:58:34] El usuario quiere iniciar sesion
[23-05-2024 15:58:35] Sesion iniciada
[23-05-2024 15:58:35] Pantalla principal mostrada
[23-05-2024 15:58:36] Se muestra la pantalla de idioma
[23-05-2024 15:58:36] Idioma internacional seleccionado
[23-05-2024 15:58:36] Se ha ordenado enviar la palabra a los leds
[23-05-2024 15:58:36] Se va a crear el socket de comunicacion
[23-05-2024 15:58:36] El usuario ha empezado a jugar
[23-05-2024 15:58:41] Se ha ordenado enviar la palabra a los leds
[23-05-2024 15:58:41] Se va a crear el socket de comunicacion
[23-05-2024 15:58:41] El usuario ha empezado a jugar
[23-05-2024 15:58:42] Se ha ordenado enviar la palabra a los leds
[23-05-2024 15:58:42] Se va a crear el socket de comunicacion
[23-05-2024 15:58:42] El usuario ha empezado a jugar
[24-05-2024 10:27:47] Se ha mostrado la pantalla de inicio
[24-05-2024 10:27:49] El usuario quiere registrarse
[24-05-2024 10:27:53] Error al registrar
[24-05-2024 10:27:55] El usuario quiere registrarse
[24-05-2024 10:27:58] Usuario registrado
[24-05-2024 10:27:59] Se ha mostrado la pantalla de inicio
[24-05-2024 10:27:59] El usuario quiere iniciar sesion
[24-05-2024 10:28:00] Sesion iniciada
[24-05-2024 10:28:00] Pantalla principal mostrada
[24-05-2024 10:28:01] Se muestra la pantalla de idioma
[24-05-2024 10:28:02] Idioma internacional seleccionado
[24-05-2024 10:28:02] Se ha ordenado enviar la palabra a los leds
[24-05-2024 10:28:23] Se va a crear el socket de comunicacion
[24-05-2024 10:28:23] El usuario ha empezado a jugar
[24-05-2024 10:28:23] Pantalla principal mostrada
[24-05-2024 10:31:22] Se ha mostrado la pantalla de inicio
[24-05-2024 10:31:24] El usuario quiere iniciar sesion
[24-05-2024 10:31:25] Sesion iniciada
[24-05-2024 10:31:25] Pantalla principal mostrada
[24-05-2024 10:31:26] Se muestra la pantalla de idioma
[24-05-2024 10:31:27] Idioma internacional seleccionado
[24-05-2024 10:31:27] Se ha ordenado enviar la palabra a los leds
[24-05-2024 10:31:48] Se va a crear el socket de comunicacion
[24-05-2024 10:31:48] El usuario ha empezado a jugar
[24-05-2024 10:31:52] Pantalla principal mostrada
[24-05-2024 10:46:43] Se ha mostrado la pantalla de inicio
[24-05-2024 10:46:45] El usuario quiere iniciar sesion
[24-05-2024 10:46:47] Sesion iniciada
[24-05-2024 10:46:47] Pantalla principal mostrada
[24-05-2024 10:46:48] Se muestra la pantalla de idioma
[24-05-2024 10:46:56] Idioma internacional seleccionado
[24-05-2024 10:46:56] Se ha ordenado enviar la palabra a los leds
[24-05-2024 11:14:18] Se ha mostrado la pantalla de inicio
[24-05-2024 11:14:21] El usuario quiere iniciar sesion
[24-05-2024 11:14:23] Sesion iniciada
[24-05-2024 11:14:23] Pantalla principal mostrada
[24-05-2024 11:14:24] Se muestra la pantalla de idioma
[24-05-2024 11:14:25] Idioma internacional seleccionado
[24-05-2024 11:14:25] Se ha ordenado enviar la palabra a los leds
[24-05-2024 11:14:46] Se va a crear el socket de comunicacion
[24-05-2024 11:14:46] El usuario ha empezado a jugar
[24-05-2024 11:25:37] Pantalla principal mostrada
[24-05-2024 12:36:12] Se ha mostrado la pantalla de inicio
[24-05-2024 12:36:14] El usuario quiere iniciar sesion
[24-05-2024 12:36:15] Sesion iniciada
[24-05-2024 12:36:15] Pantalla principal mostrada
[24-05-2024 12:36:16] Se muestra la pantalla de idioma
[24-05-2024 12:36:17] Idioma internacional seleccionado
[24-05-2024 12:36:17] Se ha ordenado enviar la palabra a los leds
[24-05-2024 12:38:03] Se ha mostrado la pantalla de inicio
[24-05-2024 12:38:04] El usuario quiere iniciar sesion
[24-05-2024 12:38:05] Sesion iniciada
[24-05-2024 12:38:05] Pantalla principal mostrada
[24-05-2024 12:38:05] Se muestra la pantalla de idioma
[24-05-2024 12:38:06] Idioma internacional seleccionado
[24-05-2024 12:38:06] Se ha ordenado enviar la palabra a los leds
[24-05-2024 12:39:21] Se ha mostrado la pantalla de inicio
[24-05-2024 12:39:22] El usuario quiere iniciar sesion
[24-05-2024 12:39:23] Sesion iniciada
[24-05-2024 12:39:23] Pantalla principal mostrada
[24-05-2024 12:39:23] Se muestra la pantalla de idioma
[24-05-2024 12:39:24] Idioma internacional seleccionado
[24-05-2024 12:39:24] Se ha ordenado enviar la palabra a los leds
[24-05-2024 12:39:24] Se va a crear el socket de comunicacion
[24-05-2024 12:39:24] El usuario ha empezado a jugar
[24-05-2024 13:16:19] Se ha mostrado la pantalla de inicio
[24-05-2024 13:16:20] El usuario quiere iniciar sesion
[24-05-2024 13:16:21] Sesion iniciada
[24-05-2024 13:16:21] Pantalla principal mostrada
[24-05-2024 13:16:22] Se muestra la pantalla de idioma
[24-05-2024 13:16:23] Idioma internacional seleccionado
[24-05-2024 13:16:23] Se ha ordenado enviar la palabra a los leds
[24-05-2024 13:16:23] Se va a crear el socket de comunicacion
[24-05-2024 13:16:23] El usuario ha empezado a jugar
[24-05-2024 13:17:36] Se ha ordenado enviar la palabra a los leds
[24-05-2024 13:17:38] Se va a crear el socket de comunicacion
[24-05-2024 13:17:38] El usuario ha empezado a jugar
[24-05-2024 13:17:42] Pantalla principal mostrada
[24-05-2024 13:17:57] Se muestra la pantalla de idioma
[24-05-2024 13:17:58] Idioma internacional seleccionado
[24-05-2024 13:17:58] Se ha ordenado enviar la palabra a los leds
[24-05-2024 13:17:58] Se va a crear el socket de comunicacion
[24-05-2024 13:17:58] El usuario ha empezado a jugar
[24-05-2024 13:18:25] Se ha ordenado enviar la palabra a los leds
[24-05-2024 13:18:27] Se va a crear el socket de comunicacion
[24-05-2024 13:18:27] El usuario ha empezado a jugar
[24-05-2024 13:22:41] Se ha mostrado la pantalla de inicio
[24-05-2024 13:22:43] El usuario quiere iniciar sesion
[24-05-2024 13:22:43] Sesion iniciada
[24-05-2024 13:22:43] Pantalla principal mostrada
[24-05-2024 13:22:44] Se muestra la pantalla de idioma
[24-05-2024 13:22:44] Idioma internacional seleccionado
[24-05-2024 13:22:44] Se ha ordenado enviar la palabra a los leds
[24-05-2024 13:22:44] Se va a crear el socket de comunicacion
[24-05-2024 13:22:44] El usuario ha empezado a jugar
[24-05-2024 13:23:00] Se ha ordenado enviar la palabra a los leds
[24-05-2024 13:23:00] Se va a crear el socket de comunicacion
[24-05-2024 13:23:00] El usuario ha empezado a jugar
